<?xml version="1.0" encoding="UTF-8"?>
<!-- Generated by org.testng.reporters.JUnitXMLReporter -->
<testsuite ignored="0" hostname="IN-BRM9WP3" failures="1" tests="5" name="GroceryTest" time="43.937" errors="0" timestamp="2024-06-14T12:55:53 IST">
  <testcase classname="com.flipkart.tests.GroceryTest" name="testGroceryValidPincode" time="2.355"/>
  <testcase classname="com.flipkart.tests.GroceryTest" name="testGroceryInValidPincode" time="1.738"/>
  <testcase classname="com.flipkart.tests.GroceryTest" name="testGrocerySearchBarFunctionality" time="1.961"/>
  <testcase classname="com.flipkart.tests.GroceryTest" name="testGroceryAddItems" time="5.142"/>
  <testcase classname="com.flipkart.tests.GroceryTest" name="testGroceryRemoveItems" time="4.984">
    <failure type="org.openqa.selenium.StaleElementReferenceException" message="stale element reference: stale element not found in the current frame
  (Session info: chrome=126.0.6478.62)
For documentation on this error, please visit: https://www.selenium.dev/documentation/webdriver/troubleshooting/errors#stale-element-reference-exception
Build info: version: &amp;apos;4.19.1&amp;apos;, revision: &amp;apos;abe0ee07dc&amp;apos;
System info: os.name: &amp;apos;Windows 10&amp;apos;, os.arch: &amp;apos;amd64&amp;apos;, os.version: &amp;apos;10.0&amp;apos;, java.version: &amp;apos;11.0.1&amp;apos;
Driver info: org.openqa.selenium.chrome.ChromeDriver
Command: [7d2ccc9c4ba14e2a36c3a57fb51f5495, clickElement {id=f.FF4FBEED91A110103B4D0C2529A1CA17.d.AA7CED9BBA7373075B63D93A6FABBA4F.e.181}]
Capabilities {acceptInsecureCerts: false, browserName: chrome, browserVersion: 126.0.6478.62, chrome: {chromedriverVersion: 126.0.6478.61 (8dc092df54ce..., userDataDir: C:\Users\AASHIS~1\AppData\L...}, fedcm:accounts: true, goog:chromeOptions: {debuggerAddress: localhost:65185}, networkConnectionEnabled: false, pageLoadStrategy: normal, platformName: windows, proxy: Proxy(), se:cdp: ws://localhost:65185/devtoo..., se:cdpVersion: 126.0.6478.62, setWindowRect: true, strictFileInteractability: false, timeouts: {implicit: 0, pageLoad: 300000, script: 30000}, unhandledPromptBehavior: dismiss and notify, webauthn:extension:credBlob: true, webauthn:extension:largeBlob: true, webauthn:extension:minPinLength: true, webauthn:extension:prf: true, webauthn:virtualAuthenticators: true}
Element: [[ChromeDriver: chrome on windows (7d2ccc9c4ba14e2a36c3a57fb51f5495)] -&amp;gt; xpath: (//img)[4]]
Session ID: 7d2ccc9c4ba14e2a36c3a57fb51f5495">
      <![CDATA[org.openqa.selenium.StaleElementReferenceException: stale element reference: stale element not found in the current frame
  (Session info: chrome=126.0.6478.62)
For documentation on this error, please visit: https://www.selenium.dev/documentation/webdriver/troubleshooting/errors#stale-element-reference-exception
Build info: version: '4.19.1', revision: 'abe0ee07dc'
System info: os.name: 'Windows 10', os.arch: 'amd64', os.version: '10.0', java.version: '11.0.1'
Driver info: org.openqa.selenium.chrome.ChromeDriver
Command: [7d2ccc9c4ba14e2a36c3a57fb51f5495, clickElement {id=f.FF4FBEED91A110103B4D0C2529A1CA17.d.AA7CED9BBA7373075B63D93A6FABBA4F.e.181}]
Capabilities {acceptInsecureCerts: false, browserName: chrome, browserVersion: 126.0.6478.62, chrome: {chromedriverVersion: 126.0.6478.61 (8dc092df54ce..., userDataDir: C:\Users\AASHIS~1\AppData\L...}, fedcm:accounts: true, goog:chromeOptions: {debuggerAddress: localhost:65185}, networkConnectionEnabled: false, pageLoadStrategy: normal, platformName: windows, proxy: Proxy(), se:cdp: ws://localhost:65185/devtoo..., se:cdpVersion: 126.0.6478.62, setWindowRect: true, strictFileInteractability: false, timeouts: {implicit: 0, pageLoad: 300000, script: 30000}, unhandledPromptBehavior: dismiss and notify, webauthn:extension:credBlob: true, webauthn:extension:largeBlob: true, webauthn:extension:minPinLength: true, webauthn:extension:prf: true, webauthn:virtualAuthenticators: true}
Element: [[ChromeDriver: chrome on windows (7d2ccc9c4ba14e2a36c3a57fb51f5495)] -> xpath: (//img)[4]]
Session ID: 7d2ccc9c4ba14e2a36c3a57fb51f5495
at org.openqa.selenium.remote.ErrorCodec.decode(ErrorCodec.java:167)
at org.openqa.selenium.remote.codec.w3c.W3CHttpResponseCodec.decode(W3CHttpResponseCodec.java:138)
at org.openqa.selenium.remote.codec.w3c.W3CHttpResponseCodec.decode(W3CHttpResponseCodec.java:50)
at org.openqa.selenium.remote.HttpCommandExecutor.execute(HttpCommandExecutor.java:190)
at org.openqa.selenium.remote.service.DriverCommandExecutor.invokeExecute(DriverCommandExecutor.java:216)
at org.openqa.selenium.remote.service.DriverCommandExecutor.execute(DriverCommandExecutor.java:174)
at org.openqa.selenium.remote.RemoteWebDriver.execute(RemoteWebDriver.java:518)
at org.openqa.selenium.remote.RemoteWebElement.execute(RemoteWebElement.java:223)
at org.openqa.selenium.remote.RemoteWebElement.click(RemoteWebElement.java:76)
at org.openqa.selenium.support.pagefactory.internal.LocatingElementHandler.invoke(LocatingElementHandler.java:51)
at com.sun.proxy.$Proxy27.click(Unknown Source)
at com.flipkart.pages.GroceryPage.removeItem(GroceryPage.java:90)
at com.flipkart.tests.GroceryTest.testGroceryRemoveItems(GroceryTest.java:190)
at java.base/java.util.ArrayList.forEach(ArrayList.java:1540)
... Removed 39 stack frames]]>
    </failure>
  </testcase> <!-- testGroceryRemoveItems -->
</testsuite> <!-- GroceryTest -->
