<!DOCTYPE html PUBLIC "-//W3C//DTD XHTML 1.1//EN" "https://www.w3.org/TR/xhtml11/DTD/xhtml11.dtd">
<html xmlns="https://www.w3.org/1999/xhtml">
<head>
<meta http-equiv="content-type" content="text/html; charset=UTF-8"/>
<title>TestNG Report</title>
<style type="text/css">table {margin-bottom:10px;border-collapse:collapse;empty-cells:show}th,td {border:1px solid #009;padding:.25em .5em}th {vertical-align:bottom}td {vertical-align:top}table a {font-weight:bold}.stripe td {background-color: #E6EBF9}.num {text-align:right}.passedodd td {background-color: #3F3}.passedeven td {background-color: #0A0}.skippedodd td {background-color: #DDD}.skippedeven td {background-color: #CCC}.failedodd td,.attn {background-color: #F33}.failedeven td,.stripe .attn {background-color: #D00}.stacktrace {white-space:pre;font-family:monospace}.totop {font-size:85%;text-align:center;border-bottom:2px solid #000}.invisible {display:none}</style>
</head>
<body>
<table>
<tr><th>Test</th><th># Passed</th><th># Skipped</th><th># Retried</th><th># Failed</th><th>Time (ms)</th><th>Included Groups</th><th>Excluded Groups</th></tr>
<tr><th colspan="8">Flipkart Automation Suite</th></tr>
<tr><td><a href="#t0">AdvertisePageTest</a></td><td class="num">1</td><td class="num">0</td><td class="num">0</td><td class="num">0</td><td class="num">12,721</td><td>advertise</td><td></td></tr>
<tr class="stripe"><td><a href="#t1">CartTest</a></td><td class="num">2</td><td class="num">0</td><td class="num">0</td><td class="num attn">1</td><td class="num">47,587</td><td>cart</td><td></td></tr>
<tr><td><a href="#t2">GroceryTest</a></td><td class="num">4</td><td class="num">0</td><td class="num">0</td><td class="num attn">1</td><td class="num">43,937</td><td>grocery</td><td></td></tr>
<tr class="stripe"><td><a href="#t3">HelpPageTest</a></td><td class="num">2</td><td class="num">0</td><td class="num">0</td><td class="num">0</td><td class="num">19,289</td><td>help</td><td></td></tr>
<tr><td><a href="#t4">HomeTest</a></td><td class="num">3</td><td class="num">0</td><td class="num">0</td><td class="num">0</td><td class="num">31,406</td><td>home</td><td></td></tr>
<tr class="stripe"><td><a href="#t5">LoginTest</a></td><td class="num">1</td><td class="num">0</td><td class="num">0</td><td class="num">0</td><td class="num">8,086</td><td>login</td><td></td></tr>
<tr><td><a href="#t6">SellerRegisterPageTest</a></td><td class="num">1</td><td class="num">0</td><td class="num">0</td><td class="num">0</td><td class="num">13,447</td><td>sellerRegister</td><td></td></tr>
<tr class="stripe"><td><a href="#t7">SellerTest</a></td><td class="num">4</td><td class="num">0</td><td class="num">0</td><td class="num">0</td><td class="num">34,940</td><td>seller</td><td></td></tr>
<tr><th>Total</th><th class="num">18</th><th class="num">0</th><th class="num">0</th><th class="num attn">2</th><th class="num">211,413</th><th colspan="2"></th></tr>
</table>
<table id='summary'><thead><tr><th>Class</th><th>Method</th><th>Start</th><th>Time (ms)</th></tr></thead><tbody><tr><th colspan="4">Flipkart Automation Suite</th></tr></tbody><tbody id="t0"><tr><th colspan="4">AdvertisePageTest &#8212; passed</th></tr><tr class="passedeven"><td rowspan="1">com.flipkart.tests.AdvertisePageTest</td><td><a href="#m0">testInvalidLoginFunctionalityonAdsPage</a></td><td rowspan="1">1718349855997</td><td rowspan="1">3839</td></tr></tbody>
<tbody id="t1"><tr><th colspan="4">CartTest &#8212; failed</th></tr><tr class="failedeven"><td rowspan="1">com.flipkart.tests.CartTest</td><td><a href="#m1">testBuyNowBtnFunctionality</a></td><td rowspan="1">1718349904569</td><td rowspan="1">2355</td></tr><tr><th colspan="4">CartTest &#8212; passed</th></tr><tr class="passedeven"><td rowspan="2">com.flipkart.tests.CartTest</td><td><a href="#m2">testAddProductToCart</a></td><td rowspan="1">1718349866478</td><td rowspan="1">14548</td></tr><tr class="passedeven"><td><a href="#m3">testRemoveProductFromCart</a></td><td rowspan="1">1718349885601</td><td rowspan="1">14577</td></tr></tbody>
<tbody id="t2"><tr><th colspan="4">GroceryTest &#8212; failed</th></tr><tr class="failedeven"><td rowspan="1">com.flipkart.tests.GroceryTest</td><td><a href="#m4">testGroceryRemoveItems</a></td><td rowspan="1">1718349946845</td><td rowspan="1">4984</td></tr><tr><th colspan="4">GroceryTest &#8212; passed</th></tr><tr class="passedeven"><td rowspan="4">com.flipkart.tests.GroceryTest</td><td><a href="#m5">testGroceryAddItems</a></td><td rowspan="1">1718349936182</td><td rowspan="1">5142</td></tr><tr class="passedeven"><td><a href="#m6">testGroceryInValidPincode</a></td><td rowspan="1">1718349921437</td><td rowspan="1">1738</td></tr><tr class="passedeven"><td><a href="#m7">testGrocerySearchBarFunctionality</a></td><td rowspan="1">1718349928614</td><td rowspan="1">1961</td></tr><tr class="passedeven"><td><a href="#m8">testGroceryValidPincode</a></td><td rowspan="1">1718349913589</td><td rowspan="1">2355</td></tr></tbody>
<tbody id="t3"><tr><th colspan="4">HelpPageTest &#8212; passed</th></tr><tr class="passedeven"><td rowspan="2">com.flipkart.tests.HelpPageTest</td><td><a href="#m9">testHelpPageFeedbackNoBtnFunctionality</a></td><td rowspan="1">1718349967350</td><td rowspan="1">3910</td></tr><tr class="passedeven"><td><a href="#m10">testHelpPageFeedbackYesBtnFunctionality</a></td><td rowspan="1">1718349957607</td><td rowspan="1">3401</td></tr></tbody>
<tbody id="t4"><tr><th colspan="4">HomeTest &#8212; passed</th></tr><tr class="passedeven"><td rowspan="3">com.flipkart.tests.HomeTest</td><td><a href="#m11">testFlipkartLogoVisibility</a></td><td rowspan="1">1718349974756</td><td rowspan="1">2097</td></tr><tr class="passedeven"><td><a href="#m12">testSearchBarFunctionality</a></td><td rowspan="1">1718349982584</td><td rowspan="1">2599</td></tr><tr class="passedeven"><td><a href="#m13">testSearchWithMisspelledQueries</a></td><td rowspan="1">1718349990232</td><td rowspan="1">12219</td></tr></tbody>
<tbody id="t5"><tr><th colspan="4">LoginTest &#8212; passed</th></tr><tr class="passedeven"><td rowspan="1">com.flipkart.tests.LoginTest</td><td><a href="#m14">testInvalidLoginFunctionality</a></td><td rowspan="1">1718350008032</td><td rowspan="1">2807</td></tr></tbody>
<tbody id="t6"><tr><th colspan="4">SellerRegisterPageTest &#8212; passed</th></tr><tr class="passedeven"><td rowspan="1">com.flipkart.tests.SellerRegisterPageTest</td><td><a href="#m15">testInvalidOtpFunctionality</a></td><td rowspan="1">1718350016241</td><td rowspan="1">7585</td></tr></tbody>
<tbody id="t7"><tr><th colspan="4">SellerTest &#8212; passed</th></tr><tr class="passedeven"><td rowspan="4">com.flipkart.tests.SellerTest</td><td><a href="#m16">testSellerBtnPresence</a></td><td rowspan="1">1718350029745</td><td rowspan="1">196</td></tr><tr class="passedeven"><td><a href="#m17">testSellerLoginFunctionality</a></td><td rowspan="1">1718350036068</td><td rowspan="1">4075</td></tr><tr class="passedeven"><td><a href="#m18">testSellerResetPasswordFunctionality</a></td><td rowspan="1">1718350045709</td><td rowspan="1">4435</td></tr><tr class="passedeven"><td><a href="#m19">testStartSellingBtnPresence</a></td><td rowspan="1">1718350056106</td><td rowspan="1">3192</td></tr></tbody>
</table>
<h2>AdvertisePageTest</h2><h3 id="m0">com.flipkart.tests.AdvertisePageTest#testInvalidLoginFunctionalityonAdsPage</h3><table class="result"><tr><th class="invisible"/></tr></table><p class="totop"><a href="#summary">back to summary</a></p>
<h2>CartTest</h2><h3 id="m1">com.flipkart.tests.CartTest#testBuyNowBtnFunctionality</h3><table class="result"><tr><th>Exception</th></tr><tr><td><div class="stacktrace">org.openqa.selenium.StaleElementReferenceException: stale element reference: stale element not found in the current frame
  (Session info: chrome=126.0.6478.62)
For documentation on this error, please visit: https://www.selenium.dev/documentation/webdriver/troubleshooting/errors#stale-element-reference-exception
Build info: version: &apos;4.19.1&apos;, revision: &apos;abe0ee07dc&apos;
System info: os.name: &apos;Windows 10&apos;, os.arch: &apos;amd64&apos;, os.version: &apos;10.0&apos;, java.version: &apos;11.0.1&apos;
Driver info: org.openqa.selenium.chrome.ChromeDriver
Command: [4fdf8bd403630e3394cff02bf9a51393, sendKeysToElement {id=f.687F581262144A5274EEBCEF5F4847FF.d.39981BFD4A581BFD53BB21AA5A61018D.e.34, value=[Ljava.lang.CharSequence;@25cde5bb}]
Capabilities {acceptInsecureCerts: false, browserName: chrome, browserVersion: 126.0.6478.62, chrome: {chromedriverVersion: 126.0.6478.61 (8dc092df54ce..., userDataDir: C:\Users\AASHIS~1\AppData\L...}, fedcm:accounts: true, goog:chromeOptions: {debuggerAddress: localhost:64942}, networkConnectionEnabled: false, pageLoadStrategy: normal, platformName: windows, proxy: Proxy(), se:cdp: ws://localhost:64942/devtoo..., se:cdpVersion: 126.0.6478.62, setWindowRect: true, strictFileInteractability: false, timeouts: {implicit: 0, pageLoad: 300000, script: 30000}, unhandledPromptBehavior: dismiss and notify, webauthn:extension:credBlob: true, webauthn:extension:largeBlob: true, webauthn:extension:minPinLength: true, webauthn:extension:prf: true, webauthn:virtualAuthenticators: true}
Element: [[ChromeDriver: chrome on windows (4fdf8bd403630e3394cff02bf9a51393)] -&gt; xpath: //input[@name=&apos;q&apos;]]
Session ID: 4fdf8bd403630e3394cff02bf9a51393
	at org.openqa.selenium.remote.ErrorCodec.decode(ErrorCodec.java:167)
	at org.openqa.selenium.remote.codec.w3c.W3CHttpResponseCodec.decode(W3CHttpResponseCodec.java:138)
	at org.openqa.selenium.remote.codec.w3c.W3CHttpResponseCodec.decode(W3CHttpResponseCodec.java:50)
	at org.openqa.selenium.remote.HttpCommandExecutor.execute(HttpCommandExecutor.java:190)
	at org.openqa.selenium.remote.service.DriverCommandExecutor.invokeExecute(DriverCommandExecutor.java:216)
	at org.openqa.selenium.remote.service.DriverCommandExecutor.execute(DriverCommandExecutor.java:174)
	at org.openqa.selenium.remote.RemoteWebDriver.execute(RemoteWebDriver.java:518)
	at org.openqa.selenium.remote.RemoteWebElement.execute(RemoteWebElement.java:223)
	at org.openqa.selenium.remote.RemoteWebElement.sendKeys(RemoteWebElement.java:110)
	at org.openqa.selenium.support.pagefactory.internal.LocatingElementHandler.invoke(LocatingElementHandler.java:51)
	at com.sun.proxy.$Proxy27.sendKeys(Unknown Source)
	at com.flipkart.pages.HomePage.searchForProduct(HomePage.java:45)
	at com.flipkart.tests.CartTest.testBuyNowBtnFunctionality(CartTest.java:128)
	at java.base/java.util.ArrayList.forEach(ArrayList.java:1540)
... Removed 39 stack frames</div></td></tr></table><p class="totop"><a href="#summary">back to summary</a></p>
<h3 id="m2">com.flipkart.tests.CartTest#testAddProductToCart</h3><table class="result"><tr><th class="invisible"/></tr></table><p class="totop"><a href="#summary">back to summary</a></p>
<h3 id="m3">com.flipkart.tests.CartTest#testRemoveProductFromCart</h3><table class="result"><tr><th class="invisible"/></tr></table><p class="totop"><a href="#summary">back to summary</a></p>
<h2>GroceryTest</h2><h3 id="m4">com.flipkart.tests.GroceryTest#testGroceryRemoveItems</h3><table class="result"><tr><th>Exception</th></tr><tr><td><div class="stacktrace">org.openqa.selenium.StaleElementReferenceException: stale element reference: stale element not found in the current frame
  (Session info: chrome=126.0.6478.62)
For documentation on this error, please visit: https://www.selenium.dev/documentation/webdriver/troubleshooting/errors#stale-element-reference-exception
Build info: version: &apos;4.19.1&apos;, revision: &apos;abe0ee07dc&apos;
System info: os.name: &apos;Windows 10&apos;, os.arch: &apos;amd64&apos;, os.version: &apos;10.0&apos;, java.version: &apos;11.0.1&apos;
Driver info: org.openqa.selenium.chrome.ChromeDriver
Command: [7d2ccc9c4ba14e2a36c3a57fb51f5495, clickElement {id=f.FF4FBEED91A110103B4D0C2529A1CA17.d.AA7CED9BBA7373075B63D93A6FABBA4F.e.181}]
Capabilities {acceptInsecureCerts: false, browserName: chrome, browserVersion: 126.0.6478.62, chrome: {chromedriverVersion: 126.0.6478.61 (8dc092df54ce..., userDataDir: C:\Users\AASHIS~1\AppData\L...}, fedcm:accounts: true, goog:chromeOptions: {debuggerAddress: localhost:65185}, networkConnectionEnabled: false, pageLoadStrategy: normal, platformName: windows, proxy: Proxy(), se:cdp: ws://localhost:65185/devtoo..., se:cdpVersion: 126.0.6478.62, setWindowRect: true, strictFileInteractability: false, timeouts: {implicit: 0, pageLoad: 300000, script: 30000}, unhandledPromptBehavior: dismiss and notify, webauthn:extension:credBlob: true, webauthn:extension:largeBlob: true, webauthn:extension:minPinLength: true, webauthn:extension:prf: true, webauthn:virtualAuthenticators: true}
Element: [[ChromeDriver: chrome on windows (7d2ccc9c4ba14e2a36c3a57fb51f5495)] -&gt; xpath: (//img)[4]]
Session ID: 7d2ccc9c4ba14e2a36c3a57fb51f5495
	at org.openqa.selenium.remote.ErrorCodec.decode(ErrorCodec.java:167)
	at org.openqa.selenium.remote.codec.w3c.W3CHttpResponseCodec.decode(W3CHttpResponseCodec.java:138)
	at org.openqa.selenium.remote.codec.w3c.W3CHttpResponseCodec.decode(W3CHttpResponseCodec.java:50)
	at org.openqa.selenium.remote.HttpCommandExecutor.execute(HttpCommandExecutor.java:190)
	at org.openqa.selenium.remote.service.DriverCommandExecutor.invokeExecute(DriverCommandExecutor.java:216)
	at org.openqa.selenium.remote.service.DriverCommandExecutor.execute(DriverCommandExecutor.java:174)
	at org.openqa.selenium.remote.RemoteWebDriver.execute(RemoteWebDriver.java:518)
	at org.openqa.selenium.remote.RemoteWebElement.execute(RemoteWebElement.java:223)
	at org.openqa.selenium.remote.RemoteWebElement.click(RemoteWebElement.java:76)
	at org.openqa.selenium.support.pagefactory.internal.LocatingElementHandler.invoke(LocatingElementHandler.java:51)
	at com.sun.proxy.$Proxy27.click(Unknown Source)
	at com.flipkart.pages.GroceryPage.removeItem(GroceryPage.java:90)
	at com.flipkart.tests.GroceryTest.testGroceryRemoveItems(GroceryTest.java:190)
	at java.base/java.util.ArrayList.forEach(ArrayList.java:1540)
... Removed 39 stack frames</div></td></tr></table><p class="totop"><a href="#summary">back to summary</a></p>
<h3 id="m5">com.flipkart.tests.GroceryTest#testGroceryAddItems</h3><table class="result"><tr><th class="invisible"/></tr></table><p class="totop"><a href="#summary">back to summary</a></p>
<h3 id="m6">com.flipkart.tests.GroceryTest#testGroceryInValidPincode</h3><table class="result"><tr><th class="invisible"/></tr></table><p class="totop"><a href="#summary">back to summary</a></p>
<h3 id="m7">com.flipkart.tests.GroceryTest#testGrocerySearchBarFunctionality</h3><table class="result"><tr><th class="invisible"/></tr></table><p class="totop"><a href="#summary">back to summary</a></p>
<h3 id="m8">com.flipkart.tests.GroceryTest#testGroceryValidPincode</h3><table class="result"><tr><th class="invisible"/></tr></table><p class="totop"><a href="#summary">back to summary</a></p>
<h2>HelpPageTest</h2><h3 id="m9">com.flipkart.tests.HelpPageTest#testHelpPageFeedbackNoBtnFunctionality</h3><table class="result"><tr><th class="invisible"/></tr></table><p class="totop"><a href="#summary">back to summary</a></p>
<h3 id="m10">com.flipkart.tests.HelpPageTest#testHelpPageFeedbackYesBtnFunctionality</h3><table class="result"><tr><th class="invisible"/></tr></table><p class="totop"><a href="#summary">back to summary</a></p>
<h2>HomeTest</h2><h3 id="m11">com.flipkart.tests.HomeTest#testFlipkartLogoVisibility</h3><table class="result"><tr><th class="invisible"/></tr></table><p class="totop"><a href="#summary">back to summary</a></p>
<h3 id="m12">com.flipkart.tests.HomeTest#testSearchBarFunctionality</h3><table class="result"><tr><th class="invisible"/></tr></table><p class="totop"><a href="#summary">back to summary</a></p>
<h3 id="m13">com.flipkart.tests.HomeTest#testSearchWithMisspelledQueries</h3><table class="result"><tr><th class="invisible"/></tr></table><p class="totop"><a href="#summary">back to summary</a></p>
<h2>LoginTest</h2><h3 id="m14">com.flipkart.tests.LoginTest#testInvalidLoginFunctionality</h3><table class="result"><tr><th class="invisible"/></tr></table><p class="totop"><a href="#summary">back to summary</a></p>
<h2>SellerRegisterPageTest</h2><h3 id="m15">com.flipkart.tests.SellerRegisterPageTest#testInvalidOtpFunctionality</h3><table class="result"><tr><th class="invisible"/></tr></table><p class="totop"><a href="#summary">back to summary</a></p>
<h2>SellerTest</h2><h3 id="m16">com.flipkart.tests.SellerTest#testSellerBtnPresence</h3><table class="result"><tr><th class="invisible"/></tr></table><p class="totop"><a href="#summary">back to summary</a></p>
<h3 id="m17">com.flipkart.tests.SellerTest#testSellerLoginFunctionality</h3><table class="result"><tr><th class="invisible"/></tr></table><p class="totop"><a href="#summary">back to summary</a></p>
<h3 id="m18">com.flipkart.tests.SellerTest#testSellerResetPasswordFunctionality</h3><table class="result"><tr><th class="invisible"/></tr></table><p class="totop"><a href="#summary">back to summary</a></p>
<h3 id="m19">com.flipkart.tests.SellerTest#testStartSellingBtnPresence</h3><table class="result"><tr><th class="invisible"/></tr></table><p class="totop"><a href="#summary">back to summary</a></p>
</body>
</html>
